app/build/intermediates/manifest_merge_blame_file/debug/manifest-merger-blame-debug-report.txt
1<?xml version="1.0" encoding="utf-8"?>
2<manifest xmlns:android="http://schemas.android.com/apk/res/android"
3    package="com.live2d.demo"
4    android:versionCode="1"
5    android:versionName="1.0" >
6
7    <uses-sdk
8        android:minSdkVersion="16"
8-->src/main/AndroidManifest.xml
9        android:targetSdkVersion="30" />
9-->src/main/AndroidManifest.xml
10
11    <uses-feature
11-->src/main/AndroidManifest.xml:5:5-78
12        android:glEsVersion="0x00020000"
12-->src/main/AndroidManifest.xml:5:19-51
13        android:required="true" />
13-->src/main/AndroidManifest.xml:5:52-75
14
15    <application
15-->src/main/AndroidManifest.xml:7:5-24:19
16        android:allowBackup="true"
16-->src/main/AndroidManifest.xml:8:9-35
17        android:appComponentFactory="androidx.core.app.CoreComponentFactory"
17-->[androidx.core:core:1.6.0] AndroidManifest.xml:24:18-86
18        android:debuggable="true"
19        android:icon="@mipmap/ic_launcher"
19-->src/main/AndroidManifest.xml:9:9-43
20        android:label="@string/app_name"
20-->src/main/AndroidManifest.xml:10:9-41
21        android:roundIcon="@mipmap/ic_launcher_round"
21-->src/main/AndroidManifest.xml:11:9-54
22        android:supportsRtl="true"
22-->src/main/AndroidManifest.xml:12:9-35
23        android:testOnly="true"
24        android:theme="@style/AppTheme" >
24-->src/main/AndroidManifest.xml:13:9-40
25        <activity
25-->src/main/AndroidManifest.xml:14:9-23:20
26            android:name="com.live2d.demo.MainActivity"
26-->src/main/AndroidManifest.xml:15:17-45
27            android:configChanges="orientation"
27-->src/main/AndroidManifest.xml:16:17-52
28            android:screenOrientation="unspecified" >
28-->src/main/AndroidManifest.xml:17:17-56
29            <intent-filter>
29-->src/main/AndroidManifest.xml:18:13-22:29
30                <action android:name="android.intent.action.MAIN" />
30-->src/main/AndroidManifest.xml:19:17-69
30-->src/main/AndroidManifest.xml:19:25-66
31
32                <category android:name="android.intent.category.LAUNCHER" />
32-->src/main/AndroidManifest.xml:21:17-77
32-->src/main/AndroidManifest.xml:21:27-74
33            </intent-filter>
34        </activity>
35    </application>
36
37</manifest>